                                      1 ;--------------------------------------------------------
                                      2 ; File Created by SDCC : free open source ISO C Compiler
                                      3 ; Version 4.5.0 #15242 (Linux)
                                      4 ;--------------------------------------------------------
                                      5 	.module ad9851
                                      6 	
                                      7 	.optsdcc -mmcs51 --model-small
                                      8 ;--------------------------------------------------------
                                      9 ; Public variables in this module
                                     10 ;--------------------------------------------------------
                                     11 	.globl _board_spi_write_bit
                                     12 	.globl _board_delay_cycles
                                     13 	.globl _board_a_write
                                     14 	.globl _board_a_init_output
                                     15 	.globl _EIPX6
                                     16 	.globl _EIPX5
                                     17 	.globl _EIPX4
                                     18 	.globl _PI2C
                                     19 	.globl _PUSB
                                     20 	.globl _EIEX6
                                     21 	.globl _EIEX5
                                     22 	.globl _EIEX4
                                     23 	.globl _EI2C
                                     24 	.globl _EUSB
                                     25 	.globl _SMOD1
                                     26 	.globl _ERESI
                                     27 	.globl _RESI
                                     28 	.globl _INT6
                                     29 	.globl _CY
                                     30 	.globl _AC
                                     31 	.globl _F0
                                     32 	.globl _RS1
                                     33 	.globl _RS0
                                     34 	.globl _OV
                                     35 	.globl _FL
                                     36 	.globl _P
                                     37 	.globl _TF2
                                     38 	.globl _EXF2
                                     39 	.globl _RCLK
                                     40 	.globl _TCLK
                                     41 	.globl _EXEN2
                                     42 	.globl _TR2
                                     43 	.globl _C_T2
                                     44 	.globl _CP_RL2
                                     45 	.globl _SM01
                                     46 	.globl _SM11
                                     47 	.globl _SM21
                                     48 	.globl _REN1
                                     49 	.globl _TB81
                                     50 	.globl _RB81
                                     51 	.globl _TI1
                                     52 	.globl _RI1
                                     53 	.globl _PS1
                                     54 	.globl _PT2
                                     55 	.globl _PS0
                                     56 	.globl _PT1
                                     57 	.globl _PX1
                                     58 	.globl _PT0
                                     59 	.globl _PX0
                                     60 	.globl _PD7
                                     61 	.globl _PD6
                                     62 	.globl _PD5
                                     63 	.globl _PD4
                                     64 	.globl _PD3
                                     65 	.globl _PD2
                                     66 	.globl _PD1
                                     67 	.globl _PD0
                                     68 	.globl _EA
                                     69 	.globl _ES1
                                     70 	.globl _ET2
                                     71 	.globl _ES0
                                     72 	.globl _ET1
                                     73 	.globl _EX1
                                     74 	.globl _ET0
                                     75 	.globl _EX0
                                     76 	.globl _PC7
                                     77 	.globl _PC6
                                     78 	.globl _PC5
                                     79 	.globl _PC4
                                     80 	.globl _PC3
                                     81 	.globl _PC2
                                     82 	.globl _PC1
                                     83 	.globl _PC0
                                     84 	.globl _SM0
                                     85 	.globl _SM1
                                     86 	.globl _SM2
                                     87 	.globl _REN
                                     88 	.globl _TB8
                                     89 	.globl _RB8
                                     90 	.globl _TI
                                     91 	.globl _RI
                                     92 	.globl _PB7
                                     93 	.globl _PB6
                                     94 	.globl _PB5
                                     95 	.globl _PB4
                                     96 	.globl _PB3
                                     97 	.globl _PB2
                                     98 	.globl _PB1
                                     99 	.globl _PB0
                                    100 	.globl _TF1
                                    101 	.globl _TR1
                                    102 	.globl _TF0
                                    103 	.globl _TR0
                                    104 	.globl _IE1
                                    105 	.globl _IT1
                                    106 	.globl _IE0
                                    107 	.globl _IT0
                                    108 	.globl _PA7
                                    109 	.globl _PA6
                                    110 	.globl _PA5
                                    111 	.globl _PA4
                                    112 	.globl _PA3
                                    113 	.globl _PA2
                                    114 	.globl _PA1
                                    115 	.globl _PA0
                                    116 	.globl _EIP
                                    117 	.globl _B
                                    118 	.globl _EIE
                                    119 	.globl _ACC
                                    120 	.globl _EICON
                                    121 	.globl _PSW
                                    122 	.globl _TH2
                                    123 	.globl _TL2
                                    124 	.globl _RCAP2H
                                    125 	.globl _RCAP2L
                                    126 	.globl _T2CON
                                    127 	.globl _SBUF1
                                    128 	.globl _SCON1
                                    129 	.globl _GPIFSGLDATLNOX
                                    130 	.globl _GPIFSGLDATLX
                                    131 	.globl _GPIFSGLDATH
                                    132 	.globl _GPIFTRIG
                                    133 	.globl _EP01STAT
                                    134 	.globl _IP
                                    135 	.globl _OEE
                                    136 	.globl _OED
                                    137 	.globl _OEC
                                    138 	.globl _OEB
                                    139 	.globl _OEA
                                    140 	.globl _IOE
                                    141 	.globl _IOD
                                    142 	.globl _AUTOPTRSETUP
                                    143 	.globl _EP68FIFOFLGS
                                    144 	.globl _EP24FIFOFLGS
                                    145 	.globl _EP2468STAT
                                    146 	.globl _IE
                                    147 	.globl _INT4CLR
                                    148 	.globl _INT2CLR
                                    149 	.globl _IOC
                                    150 	.globl _AUTOPTRL2
                                    151 	.globl _AUTOPTRH2
                                    152 	.globl _AUTOPTRL1
                                    153 	.globl _AUTOPTRH1
                                    154 	.globl _SBUF0
                                    155 	.globl _SCON0
                                    156 	.globl __XPAGE
                                    157 	.globl _EXIF
                                    158 	.globl _IOB
                                    159 	.globl _CKCON
                                    160 	.globl _TH1
                                    161 	.globl _TH0
                                    162 	.globl _TL1
                                    163 	.globl _TL0
                                    164 	.globl _TMOD
                                    165 	.globl _TCON
                                    166 	.globl _PCON
                                    167 	.globl _DPS
                                    168 	.globl _DPH1
                                    169 	.globl _DPL1
                                    170 	.globl _DPH
                                    171 	.globl _DPL
                                    172 	.globl _SP
                                    173 	.globl _IOA
                                    174 	.globl _GPCR2
                                    175 	.globl _ECC2B2
                                    176 	.globl _ECC2B1
                                    177 	.globl _ECC2B0
                                    178 	.globl _ECC1B2
                                    179 	.globl _ECC1B1
                                    180 	.globl _ECC1B0
                                    181 	.globl _ECCRESET
                                    182 	.globl _ECCCFG
                                    183 	.globl _EP8FIFOBUF
                                    184 	.globl _EP6FIFOBUF
                                    185 	.globl _EP4FIFOBUF
                                    186 	.globl _EP2FIFOBUF
                                    187 	.globl _EP1INBUF
                                    188 	.globl _EP1OUTBUF
                                    189 	.globl _EP0BUF
                                    190 	.globl _UDMACRCQUAL
                                    191 	.globl _UDMACRCL
                                    192 	.globl _UDMACRCH
                                    193 	.globl _GPIFHOLDAMOUNT
                                    194 	.globl _FLOWSTBHPERIOD
                                    195 	.globl _FLOWSTBEDGE
                                    196 	.globl _FLOWSTB
                                    197 	.globl _FLOWHOLDOFF
                                    198 	.globl _FLOWEQ1CTL
                                    199 	.globl _FLOWEQ0CTL
                                    200 	.globl _FLOWLOGIC
                                    201 	.globl _FLOWSTATE
                                    202 	.globl _GPIFABORT
                                    203 	.globl _GPIFREADYSTAT
                                    204 	.globl _GPIFREADYCFG
                                    205 	.globl _XGPIFSGLDATLNOX
                                    206 	.globl _XGPIFSGLDATLX
                                    207 	.globl _XGPIFSGLDATH
                                    208 	.globl _EP8GPIFTRIG
                                    209 	.globl _EP8GPIFPFSTOP
                                    210 	.globl _EP8GPIFFLGSEL
                                    211 	.globl _EP6GPIFTRIG
                                    212 	.globl _EP6GPIFPFSTOP
                                    213 	.globl _EP6GPIFFLGSEL
                                    214 	.globl _EP4GPIFTRIG
                                    215 	.globl _EP4GPIFPFSTOP
                                    216 	.globl _EP4GPIFFLGSEL
                                    217 	.globl _EP2GPIFTRIG
                                    218 	.globl _EP2GPIFPFSTOP
                                    219 	.globl _EP2GPIFFLGSEL
                                    220 	.globl _GPIFTCB0
                                    221 	.globl _GPIFTCB1
                                    222 	.globl _GPIFTCB2
                                    223 	.globl _GPIFTCB3
                                    224 	.globl _GPIFADRL
                                    225 	.globl _GPIFADRH
                                    226 	.globl _GPIFCTLCFG
                                    227 	.globl _GPIFIDLECTL
                                    228 	.globl _GPIFIDLECS
                                    229 	.globl _GPIFWFSELECT
                                    230 	.globl _SETUPDAT
                                    231 	.globl _SUDPTRCTL
                                    232 	.globl _SUDPTRL
                                    233 	.globl _SUDPTRH
                                    234 	.globl _EP8FIFOBCL
                                    235 	.globl _EP8FIFOBCH
                                    236 	.globl _EP6FIFOBCL
                                    237 	.globl _EP6FIFOBCH
                                    238 	.globl _EP4FIFOBCL
                                    239 	.globl _EP4FIFOBCH
                                    240 	.globl _EP2FIFOBCL
                                    241 	.globl _EP2FIFOBCH
                                    242 	.globl _EP8FIFOFLGS
                                    243 	.globl _EP6FIFOFLGS
                                    244 	.globl _EP4FIFOFLGS
                                    245 	.globl _EP2FIFOFLGS
                                    246 	.globl _EP8CS
                                    247 	.globl _EP6CS
                                    248 	.globl _EP4CS
                                    249 	.globl _EP2CS
                                    250 	.globl _EP1INCS
                                    251 	.globl _EP1OUTCS
                                    252 	.globl _EP0CS
                                    253 	.globl _EP8BCL
                                    254 	.globl _EP8BCH
                                    255 	.globl _EP6BCL
                                    256 	.globl _EP6BCH
                                    257 	.globl _EP4BCL
                                    258 	.globl _EP4BCH
                                    259 	.globl _EP2BCL
                                    260 	.globl _EP2BCH
                                    261 	.globl _EP1INBC
                                    262 	.globl _EP1OUTBC
                                    263 	.globl _EP0BCL
                                    264 	.globl _EP0BCH
                                    265 	.globl _FNADDR
                                    266 	.globl _MICROFRAME
                                    267 	.globl _USBFRAMEL
                                    268 	.globl _USBFRAMEH
                                    269 	.globl _TOGCTL
                                    270 	.globl _WAKEUPCS
                                    271 	.globl _SUSPEND
                                    272 	.globl _USBCS
                                    273 	.globl _XAUTODAT2
                                    274 	.globl _XAUTODAT1
                                    275 	.globl _I2CTL
                                    276 	.globl _I2DAT
                                    277 	.globl _I2CS
                                    278 	.globl _PORTECFG
                                    279 	.globl _PORTCCFG
                                    280 	.globl _PORTACFG
                                    281 	.globl _INTSETUP
                                    282 	.globl _INT4IVEC
                                    283 	.globl _INT2IVEC
                                    284 	.globl _CLRERRCNT
                                    285 	.globl _ERRCNTLIM
                                    286 	.globl _USBERRIRQ
                                    287 	.globl _USBERRIE
                                    288 	.globl _GPIFIRQ
                                    289 	.globl _GPIFIE
                                    290 	.globl _EPIRQ
                                    291 	.globl _EPIE
                                    292 	.globl _USBIRQ
                                    293 	.globl _USBIE
                                    294 	.globl _NAKIRQ
                                    295 	.globl _NAKIE
                                    296 	.globl _IBNIRQ
                                    297 	.globl _IBNIE
                                    298 	.globl _EP8FIFOIRQ
                                    299 	.globl _EP8FIFOIE
                                    300 	.globl _EP6FIFOIRQ
                                    301 	.globl _EP6FIFOIE
                                    302 	.globl _EP4FIFOIRQ
                                    303 	.globl _EP4FIFOIE
                                    304 	.globl _EP2FIFOIRQ
                                    305 	.globl _EP2FIFOIE
                                    306 	.globl _OUTPKTEND
                                    307 	.globl _INPKTEND
                                    308 	.globl _EP8ISOINPKTS
                                    309 	.globl _EP6ISOINPKTS
                                    310 	.globl _EP4ISOINPKTS
                                    311 	.globl _EP2ISOINPKTS
                                    312 	.globl _EP8FIFOPFL
                                    313 	.globl _EP8FIFOPFH
                                    314 	.globl _EP6FIFOPFL
                                    315 	.globl _EP6FIFOPFH
                                    316 	.globl _EP4FIFOPFL
                                    317 	.globl _EP4FIFOPFH
                                    318 	.globl _EP2FIFOPFL
                                    319 	.globl _EP2FIFOPFH
                                    320 	.globl _EP8AUTOINLENL
                                    321 	.globl _EP8AUTOINLENH
                                    322 	.globl _EP6AUTOINLENL
                                    323 	.globl _EP6AUTOINLENH
                                    324 	.globl _EP4AUTOINLENL
                                    325 	.globl _EP4AUTOINLENH
                                    326 	.globl _EP2AUTOINLENL
                                    327 	.globl _EP2AUTOINLENH
                                    328 	.globl _EP8FIFOCFG
                                    329 	.globl _EP6FIFOCFG
                                    330 	.globl _EP4FIFOCFG
                                    331 	.globl _EP2FIFOCFG
                                    332 	.globl _EP8CFG
                                    333 	.globl _EP6CFG
                                    334 	.globl _EP4CFG
                                    335 	.globl _EP2CFG
                                    336 	.globl _EP1INCFG
                                    337 	.globl _EP1OUTCFG
                                    338 	.globl _REVCTL
                                    339 	.globl _REVID
                                    340 	.globl _FIFOPINPOLAR
                                    341 	.globl _UART230
                                    342 	.globl _BPADDRL
                                    343 	.globl _BPADDRH
                                    344 	.globl _BREAKPT
                                    345 	.globl _FIFORESET
                                    346 	.globl _PINFLAGSCD
                                    347 	.globl _PINFLAGSAB
                                    348 	.globl _IFCONFIG
                                    349 	.globl _CPUCS
                                    350 	.globl _RES_WAVEDATA_END
                                    351 	.globl _GPIF_WAVE_DATA
                                    352 	.globl _ad9851_set_frequency_PARM_3
                                    353 	.globl _ad9851_set_frequency_PARM_2
                                    354 	.globl _ad9851_create
                                    355 	.globl _ad9851_destroy
                                    356 	.globl _ad9851_set_frequency
                                    357 ;--------------------------------------------------------
                                    358 ; special function registers
                                    359 ;--------------------------------------------------------
                                    360 	.area RSEG    (ABS,DATA)
      000000                        361 	.org 0x0000
                           000080   362 _IOA	=	0x0080
                           000081   363 _SP	=	0x0081
                           000082   364 _DPL	=	0x0082
                           000083   365 _DPH	=	0x0083
                           000084   366 _DPL1	=	0x0084
                           000085   367 _DPH1	=	0x0085
                           000086   368 _DPS	=	0x0086
                           000087   369 _PCON	=	0x0087
                           000088   370 _TCON	=	0x0088
                           000089   371 _TMOD	=	0x0089
                           00008A   372 _TL0	=	0x008a
                           00008B   373 _TL1	=	0x008b
                           00008C   374 _TH0	=	0x008c
                           00008D   375 _TH1	=	0x008d
                           00008E   376 _CKCON	=	0x008e
                           000090   377 _IOB	=	0x0090
                           000091   378 _EXIF	=	0x0091
                           000092   379 __XPAGE	=	0x0092
                           000098   380 _SCON0	=	0x0098
                           000099   381 _SBUF0	=	0x0099
                           00009A   382 _AUTOPTRH1	=	0x009a
                           00009B   383 _AUTOPTRL1	=	0x009b
                           00009D   384 _AUTOPTRH2	=	0x009d
                           00009E   385 _AUTOPTRL2	=	0x009e
                           0000A0   386 _IOC	=	0x00a0
                           0000A1   387 _INT2CLR	=	0x00a1
                           0000A2   388 _INT4CLR	=	0x00a2
                           0000A8   389 _IE	=	0x00a8
                           0000AA   390 _EP2468STAT	=	0x00aa
                           0000AB   391 _EP24FIFOFLGS	=	0x00ab
                           0000AC   392 _EP68FIFOFLGS	=	0x00ac
                           0000AF   393 _AUTOPTRSETUP	=	0x00af
                           0000B0   394 _IOD	=	0x00b0
                           0000B1   395 _IOE	=	0x00b1
                           0000B2   396 _OEA	=	0x00b2
                           0000B3   397 _OEB	=	0x00b3
                           0000B4   398 _OEC	=	0x00b4
                           0000B5   399 _OED	=	0x00b5
                           0000B6   400 _OEE	=	0x00b6
                           0000B8   401 _IP	=	0x00b8
                           0000BA   402 _EP01STAT	=	0x00ba
                           0000BB   403 _GPIFTRIG	=	0x00bb
                           0000BD   404 _GPIFSGLDATH	=	0x00bd
                           0000BE   405 _GPIFSGLDATLX	=	0x00be
                           0000BF   406 _GPIFSGLDATLNOX	=	0x00bf
                           0000C0   407 _SCON1	=	0x00c0
                           0000C1   408 _SBUF1	=	0x00c1
                           0000C8   409 _T2CON	=	0x00c8
                           0000CA   410 _RCAP2L	=	0x00ca
                           0000CB   411 _RCAP2H	=	0x00cb
                           0000CC   412 _TL2	=	0x00cc
                           0000CD   413 _TH2	=	0x00cd
                           0000D0   414 _PSW	=	0x00d0
                           0000D8   415 _EICON	=	0x00d8
                           0000E0   416 _ACC	=	0x00e0
                           0000E8   417 _EIE	=	0x00e8
                           0000F0   418 _B	=	0x00f0
                           0000F8   419 _EIP	=	0x00f8
                                    420 ;--------------------------------------------------------
                                    421 ; special function bits
                                    422 ;--------------------------------------------------------
                                    423 	.area RSEG    (ABS,DATA)
      000000                        424 	.org 0x0000
                           000080   425 _PA0	=	0x0080
                           000081   426 _PA1	=	0x0081
                           000082   427 _PA2	=	0x0082
                           000083   428 _PA3	=	0x0083
                           000084   429 _PA4	=	0x0084
                           000085   430 _PA5	=	0x0085
                           000086   431 _PA6	=	0x0086
                           000087   432 _PA7	=	0x0087
                           000088   433 _IT0	=	0x0088
                           000089   434 _IE0	=	0x0089
                           00008A   435 _IT1	=	0x008a
                           00008B   436 _IE1	=	0x008b
                           00008C   437 _TR0	=	0x008c
                           00008D   438 _TF0	=	0x008d
                           00008E   439 _TR1	=	0x008e
                           00008F   440 _TF1	=	0x008f
                           000090   441 _PB0	=	0x0090
                           000091   442 _PB1	=	0x0091
                           000092   443 _PB2	=	0x0092
                           000093   444 _PB3	=	0x0093
                           000094   445 _PB4	=	0x0094
                           000095   446 _PB5	=	0x0095
                           000096   447 _PB6	=	0x0096
                           000097   448 _PB7	=	0x0097
                           000098   449 _RI	=	0x0098
                           000099   450 _TI	=	0x0099
                           00009A   451 _RB8	=	0x009a
                           00009B   452 _TB8	=	0x009b
                           00009C   453 _REN	=	0x009c
                           00009D   454 _SM2	=	0x009d
                           00009E   455 _SM1	=	0x009e
                           00009F   456 _SM0	=	0x009f
                           0000A0   457 _PC0	=	0x00a0
                           0000A1   458 _PC1	=	0x00a1
                           0000A2   459 _PC2	=	0x00a2
                           0000A3   460 _PC3	=	0x00a3
                           0000A4   461 _PC4	=	0x00a4
                           0000A5   462 _PC5	=	0x00a5
                           0000A6   463 _PC6	=	0x00a6
                           0000A7   464 _PC7	=	0x00a7
                           0000A8   465 _EX0	=	0x00a8
                           0000A9   466 _ET0	=	0x00a9
                           0000AA   467 _EX1	=	0x00aa
                           0000AB   468 _ET1	=	0x00ab
                           0000AC   469 _ES0	=	0x00ac
                           0000AD   470 _ET2	=	0x00ad
                           0000AE   471 _ES1	=	0x00ae
                           0000AF   472 _EA	=	0x00af
                           0000B0   473 _PD0	=	0x00b0
                           0000B1   474 _PD1	=	0x00b1
                           0000B2   475 _PD2	=	0x00b2
                           0000B3   476 _PD3	=	0x00b3
                           0000B4   477 _PD4	=	0x00b4
                           0000B5   478 _PD5	=	0x00b5
                           0000B6   479 _PD6	=	0x00b6
                           0000B7   480 _PD7	=	0x00b7
                           0000B8   481 _PX0	=	0x00b8
                           0000B9   482 _PT0	=	0x00b9
                           0000BA   483 _PX1	=	0x00ba
                           0000BB   484 _PT1	=	0x00bb
                           0000BC   485 _PS0	=	0x00bc
                           0000BD   486 _PT2	=	0x00bd
                           0000BE   487 _PS1	=	0x00be
                           0000C0   488 _RI1	=	0x00c0
                           0000C1   489 _TI1	=	0x00c1
                           0000C2   490 _RB81	=	0x00c2
                           0000C3   491 _TB81	=	0x00c3
                           0000C4   492 _REN1	=	0x00c4
                           0000C5   493 _SM21	=	0x00c5
                           0000C6   494 _SM11	=	0x00c6
                           0000C7   495 _SM01	=	0x00c7
                           0000C8   496 _CP_RL2	=	0x00c8
                           0000C9   497 _C_T2	=	0x00c9
                           0000CA   498 _TR2	=	0x00ca
                           0000CB   499 _EXEN2	=	0x00cb
                           0000CC   500 _TCLK	=	0x00cc
                           0000CD   501 _RCLK	=	0x00cd
                           0000CE   502 _EXF2	=	0x00ce
                           0000CF   503 _TF2	=	0x00cf
                           0000D0   504 _P	=	0x00d0
                           0000D1   505 _FL	=	0x00d1
                           0000D2   506 _OV	=	0x00d2
                           0000D3   507 _RS0	=	0x00d3
                           0000D4   508 _RS1	=	0x00d4
                           0000D5   509 _F0	=	0x00d5
                           0000D6   510 _AC	=	0x00d6
                           0000D7   511 _CY	=	0x00d7
                           0000DB   512 _INT6	=	0x00db
                           0000DC   513 _RESI	=	0x00dc
                           0000DD   514 _ERESI	=	0x00dd
                           0000DF   515 _SMOD1	=	0x00df
                           0000E8   516 _EUSB	=	0x00e8
                           0000E9   517 _EI2C	=	0x00e9
                           0000EA   518 _EIEX4	=	0x00ea
                           0000EB   519 _EIEX5	=	0x00eb
                           0000EC   520 _EIEX6	=	0x00ec
                           0000F8   521 _PUSB	=	0x00f8
                           0000F9   522 _PI2C	=	0x00f9
                           0000FA   523 _EIPX4	=	0x00fa
                           0000FB   524 _EIPX5	=	0x00fb
                           0000FC   525 _EIPX6	=	0x00fc
                                    526 ;--------------------------------------------------------
                                    527 ; overlayable register banks
                                    528 ;--------------------------------------------------------
                                    529 	.area REG_BANK_0	(REL,OVR,DATA)
      000000                        530 	.ds 8
                                    531 ;--------------------------------------------------------
                                    532 ; internal ram data
                                    533 ;--------------------------------------------------------
                                    534 	.area DSEG    (DATA)
      000000                        535 _ad9851_set_frequency_PARM_2:
      000000                        536 	.ds 4
      000004                        537 _ad9851_set_frequency_PARM_3:
      000004                        538 	.ds 1
                                    539 ;--------------------------------------------------------
                                    540 ; overlayable items in internal ram
                                    541 ;--------------------------------------------------------
                                    542 	.area	OSEG    (OVR,DATA)
                                    543 ;--------------------------------------------------------
                                    544 ; indirectly addressable internal ram data
                                    545 ;--------------------------------------------------------
                                    546 	.area ISEG    (DATA)
                                    547 ;--------------------------------------------------------
                                    548 ; absolute internal ram data
                                    549 ;--------------------------------------------------------
                                    550 	.area IABS    (ABS,DATA)
                                    551 	.area IABS    (ABS,DATA)
                                    552 ;--------------------------------------------------------
                                    553 ; bit data
                                    554 ;--------------------------------------------------------
                                    555 	.area BSEG    (BIT)
                                    556 ;--------------------------------------------------------
                                    557 ; paged external ram data
                                    558 ;--------------------------------------------------------
                                    559 	.area PSEG    (PAG,XDATA)
                                    560 ;--------------------------------------------------------
                                    561 ; uninitialized external ram data
                                    562 ;--------------------------------------------------------
                                    563 	.area XSEG    (XDATA)
                           00E400   564 _GPIF_WAVE_DATA	=	0xe400
                           00E480   565 _RES_WAVEDATA_END	=	0xe480
                           00E600   566 _CPUCS	=	0xe600
                           00E601   567 _IFCONFIG	=	0xe601
                           00E602   568 _PINFLAGSAB	=	0xe602
                           00E603   569 _PINFLAGSCD	=	0xe603
                           00E604   570 _FIFORESET	=	0xe604
                           00E605   571 _BREAKPT	=	0xe605
                           00E606   572 _BPADDRH	=	0xe606
                           00E607   573 _BPADDRL	=	0xe607
                           00E608   574 _UART230	=	0xe608
                           00E609   575 _FIFOPINPOLAR	=	0xe609
                           00E60A   576 _REVID	=	0xe60a
                           00E60B   577 _REVCTL	=	0xe60b
                           00E610   578 _EP1OUTCFG	=	0xe610
                           00E611   579 _EP1INCFG	=	0xe611
                           00E612   580 _EP2CFG	=	0xe612
                           00E613   581 _EP4CFG	=	0xe613
                           00E614   582 _EP6CFG	=	0xe614
                           00E615   583 _EP8CFG	=	0xe615
                           00E618   584 _EP2FIFOCFG	=	0xe618
                           00E619   585 _EP4FIFOCFG	=	0xe619
                           00E61A   586 _EP6FIFOCFG	=	0xe61a
                           00E61B   587 _EP8FIFOCFG	=	0xe61b
                           00E620   588 _EP2AUTOINLENH	=	0xe620
                           00E621   589 _EP2AUTOINLENL	=	0xe621
                           00E622   590 _EP4AUTOINLENH	=	0xe622
                           00E623   591 _EP4AUTOINLENL	=	0xe623
                           00E624   592 _EP6AUTOINLENH	=	0xe624
                           00E625   593 _EP6AUTOINLENL	=	0xe625
                           00E626   594 _EP8AUTOINLENH	=	0xe626
                           00E627   595 _EP8AUTOINLENL	=	0xe627
                           00E630   596 _EP2FIFOPFH	=	0xe630
                           00E631   597 _EP2FIFOPFL	=	0xe631
                           00E632   598 _EP4FIFOPFH	=	0xe632
                           00E633   599 _EP4FIFOPFL	=	0xe633
                           00E634   600 _EP6FIFOPFH	=	0xe634
                           00E635   601 _EP6FIFOPFL	=	0xe635
                           00E636   602 _EP8FIFOPFH	=	0xe636
                           00E637   603 _EP8FIFOPFL	=	0xe637
                           00E640   604 _EP2ISOINPKTS	=	0xe640
                           00E641   605 _EP4ISOINPKTS	=	0xe641
                           00E642   606 _EP6ISOINPKTS	=	0xe642
                           00E643   607 _EP8ISOINPKTS	=	0xe643
                           00E648   608 _INPKTEND	=	0xe648
                           00E649   609 _OUTPKTEND	=	0xe649
                           00E650   610 _EP2FIFOIE	=	0xe650
                           00E651   611 _EP2FIFOIRQ	=	0xe651
                           00E652   612 _EP4FIFOIE	=	0xe652
                           00E653   613 _EP4FIFOIRQ	=	0xe653
                           00E654   614 _EP6FIFOIE	=	0xe654
                           00E655   615 _EP6FIFOIRQ	=	0xe655
                           00E656   616 _EP8FIFOIE	=	0xe656
                           00E657   617 _EP8FIFOIRQ	=	0xe657
                           00E658   618 _IBNIE	=	0xe658
                           00E659   619 _IBNIRQ	=	0xe659
                           00E65A   620 _NAKIE	=	0xe65a
                           00E65B   621 _NAKIRQ	=	0xe65b
                           00E65C   622 _USBIE	=	0xe65c
                           00E65D   623 _USBIRQ	=	0xe65d
                           00E65E   624 _EPIE	=	0xe65e
                           00E65F   625 _EPIRQ	=	0xe65f
                           00E660   626 _GPIFIE	=	0xe660
                           00E661   627 _GPIFIRQ	=	0xe661
                           00E662   628 _USBERRIE	=	0xe662
                           00E663   629 _USBERRIRQ	=	0xe663
                           00E664   630 _ERRCNTLIM	=	0xe664
                           00E665   631 _CLRERRCNT	=	0xe665
                           00E666   632 _INT2IVEC	=	0xe666
                           00E667   633 _INT4IVEC	=	0xe667
                           00E668   634 _INTSETUP	=	0xe668
                           00E670   635 _PORTACFG	=	0xe670
                           00E671   636 _PORTCCFG	=	0xe671
                           00E672   637 _PORTECFG	=	0xe672
                           00E678   638 _I2CS	=	0xe678
                           00E679   639 _I2DAT	=	0xe679
                           00E67A   640 _I2CTL	=	0xe67a
                           00E67B   641 _XAUTODAT1	=	0xe67b
                           00E67C   642 _XAUTODAT2	=	0xe67c
                           00E680   643 _USBCS	=	0xe680
                           00E681   644 _SUSPEND	=	0xe681
                           00E682   645 _WAKEUPCS	=	0xe682
                           00E683   646 _TOGCTL	=	0xe683
                           00E684   647 _USBFRAMEH	=	0xe684
                           00E685   648 _USBFRAMEL	=	0xe685
                           00E686   649 _MICROFRAME	=	0xe686
                           00E687   650 _FNADDR	=	0xe687
                           00E68A   651 _EP0BCH	=	0xe68a
                           00E68B   652 _EP0BCL	=	0xe68b
                           00E68D   653 _EP1OUTBC	=	0xe68d
                           00E68F   654 _EP1INBC	=	0xe68f
                           00E690   655 _EP2BCH	=	0xe690
                           00E691   656 _EP2BCL	=	0xe691
                           00E694   657 _EP4BCH	=	0xe694
                           00E695   658 _EP4BCL	=	0xe695
                           00E698   659 _EP6BCH	=	0xe698
                           00E699   660 _EP6BCL	=	0xe699
                           00E69C   661 _EP8BCH	=	0xe69c
                           00E69D   662 _EP8BCL	=	0xe69d
                           00E6A0   663 _EP0CS	=	0xe6a0
                           00E6A1   664 _EP1OUTCS	=	0xe6a1
                           00E6A2   665 _EP1INCS	=	0xe6a2
                           00E6A3   666 _EP2CS	=	0xe6a3
                           00E6A4   667 _EP4CS	=	0xe6a4
                           00E6A5   668 _EP6CS	=	0xe6a5
                           00E6A6   669 _EP8CS	=	0xe6a6
                           00E6A7   670 _EP2FIFOFLGS	=	0xe6a7
                           00E6A8   671 _EP4FIFOFLGS	=	0xe6a8
                           00E6A9   672 _EP6FIFOFLGS	=	0xe6a9
                           00E6AA   673 _EP8FIFOFLGS	=	0xe6aa
                           00E6AB   674 _EP2FIFOBCH	=	0xe6ab
                           00E6AC   675 _EP2FIFOBCL	=	0xe6ac
                           00E6AD   676 _EP4FIFOBCH	=	0xe6ad
                           00E6AE   677 _EP4FIFOBCL	=	0xe6ae
                           00E6AF   678 _EP6FIFOBCH	=	0xe6af
                           00E6B0   679 _EP6FIFOBCL	=	0xe6b0
                           00E6B1   680 _EP8FIFOBCH	=	0xe6b1
                           00E6B2   681 _EP8FIFOBCL	=	0xe6b2
                           00E6B3   682 _SUDPTRH	=	0xe6b3
                           00E6B4   683 _SUDPTRL	=	0xe6b4
                           00E6B5   684 _SUDPTRCTL	=	0xe6b5
                           00E6B8   685 _SETUPDAT	=	0xe6b8
                           00E6C0   686 _GPIFWFSELECT	=	0xe6c0
                           00E6C1   687 _GPIFIDLECS	=	0xe6c1
                           00E6C2   688 _GPIFIDLECTL	=	0xe6c2
                           00E6C3   689 _GPIFCTLCFG	=	0xe6c3
                           00E6C4   690 _GPIFADRH	=	0xe6c4
                           00E6C5   691 _GPIFADRL	=	0xe6c5
                           00E6CE   692 _GPIFTCB3	=	0xe6ce
                           00E6CF   693 _GPIFTCB2	=	0xe6cf
                           00E6D0   694 _GPIFTCB1	=	0xe6d0
                           00E6D1   695 _GPIFTCB0	=	0xe6d1
                           00E6D2   696 _EP2GPIFFLGSEL	=	0xe6d2
                           00E6D3   697 _EP2GPIFPFSTOP	=	0xe6d3
                           00E6D4   698 _EP2GPIFTRIG	=	0xe6d4
                           00E6DA   699 _EP4GPIFFLGSEL	=	0xe6da
                           00E6DB   700 _EP4GPIFPFSTOP	=	0xe6db
                           00E6DC   701 _EP4GPIFTRIG	=	0xe6dc
                           00E6E2   702 _EP6GPIFFLGSEL	=	0xe6e2
                           00E6E3   703 _EP6GPIFPFSTOP	=	0xe6e3
                           00E6E4   704 _EP6GPIFTRIG	=	0xe6e4
                           00E6EA   705 _EP8GPIFFLGSEL	=	0xe6ea
                           00E6EB   706 _EP8GPIFPFSTOP	=	0xe6eb
                           00E6EC   707 _EP8GPIFTRIG	=	0xe6ec
                           00E6F0   708 _XGPIFSGLDATH	=	0xe6f0
                           00E6F1   709 _XGPIFSGLDATLX	=	0xe6f1
                           00E6F2   710 _XGPIFSGLDATLNOX	=	0xe6f2
                           00E6F3   711 _GPIFREADYCFG	=	0xe6f3
                           00E6F4   712 _GPIFREADYSTAT	=	0xe6f4
                           00E6F5   713 _GPIFABORT	=	0xe6f5
                           00E6C6   714 _FLOWSTATE	=	0xe6c6
                           00E6C7   715 _FLOWLOGIC	=	0xe6c7
                           00E6C8   716 _FLOWEQ0CTL	=	0xe6c8
                           00E6C9   717 _FLOWEQ1CTL	=	0xe6c9
                           00E6CA   718 _FLOWHOLDOFF	=	0xe6ca
                           00E6CB   719 _FLOWSTB	=	0xe6cb
                           00E6CC   720 _FLOWSTBEDGE	=	0xe6cc
                           00E6CD   721 _FLOWSTBHPERIOD	=	0xe6cd
                           00E60C   722 _GPIFHOLDAMOUNT	=	0xe60c
                           00E67D   723 _UDMACRCH	=	0xe67d
                           00E67E   724 _UDMACRCL	=	0xe67e
                           00E67F   725 _UDMACRCQUAL	=	0xe67f
                           00E740   726 _EP0BUF	=	0xe740
                           00E780   727 _EP1OUTBUF	=	0xe780
                           00E7C0   728 _EP1INBUF	=	0xe7c0
                           00F000   729 _EP2FIFOBUF	=	0xf000
                           00F400   730 _EP4FIFOBUF	=	0xf400
                           00F800   731 _EP6FIFOBUF	=	0xf800
                           00FC00   732 _EP8FIFOBUF	=	0xfc00
                           00E628   733 _ECCCFG	=	0xe628
                           00E629   734 _ECCRESET	=	0xe629
                           00E62A   735 _ECC1B0	=	0xe62a
                           00E62B   736 _ECC1B1	=	0xe62b
                           00E62C   737 _ECC1B2	=	0xe62c
                           00E62D   738 _ECC2B0	=	0xe62d
                           00E62E   739 _ECC2B1	=	0xe62e
                           00E62F   740 _ECC2B2	=	0xe62f
                           00E50D   741 _GPCR2	=	0xe50d
      000000                        742 _ad9851_create_instance_10000_15:
      000000                        743 	.ds 1
                                    744 ;--------------------------------------------------------
                                    745 ; absolute external ram data
                                    746 ;--------------------------------------------------------
                                    747 	.area XABS    (ABS,XDATA)
                                    748 ;--------------------------------------------------------
                                    749 ; initialized external ram data
                                    750 ;--------------------------------------------------------
                                    751 	.area XISEG   (XDATA)
                                    752 	.area HOME    (CODE)
                                    753 	.area GSINIT0 (CODE)
                                    754 	.area GSINIT1 (CODE)
                                    755 	.area GSINIT2 (CODE)
                                    756 	.area GSINIT3 (CODE)
                                    757 	.area GSINIT4 (CODE)
                                    758 	.area GSINIT5 (CODE)
                                    759 	.area GSINIT  (CODE)
                                    760 	.area GSFINAL (CODE)
                                    761 	.area CSEG    (CODE)
                                    762 ;--------------------------------------------------------
                                    763 ; global & static initialisations
                                    764 ;--------------------------------------------------------
                                    765 	.area HOME    (CODE)
                                    766 	.area GSINIT  (CODE)
                                    767 	.area GSFINAL (CODE)
                                    768 	.area GSINIT  (CODE)
                                    769 ;--------------------------------------------------------
                                    770 ; Home
                                    771 ;--------------------------------------------------------
                                    772 	.area HOME    (CODE)
                                    773 	.area HOME    (CODE)
                                    774 ;--------------------------------------------------------
                                    775 ; code
                                    776 ;--------------------------------------------------------
                                    777 	.area CSEG    (CODE)
                                    778 ;------------------------------------------------------------
                                    779 ;Allocation info for local variables in function 'ad9851_create'
                                    780 ;------------------------------------------------------------
                                    781 ;fq_ud_pin     Allocated to registers r7 
                                    782 ;instance      Allocated with name '_ad9851_create_instance_10000_15'
                                    783 ;------------------------------------------------------------
                                    784 ;	build/../ad9851.c:7: ad9851_handle_t ad9851_create(uint8_t fq_ud_pin) {
                                    785 ;	-----------------------------------------
                                    786 ;	 function ad9851_create
                                    787 ;	-----------------------------------------
      000000                        788 _ad9851_create:
                           000007   789 	ar7 = 0x07
                           000006   790 	ar6 = 0x06
                           000005   791 	ar5 = 0x05
                           000004   792 	ar4 = 0x04
                           000003   793 	ar3 = 0x03
                           000002   794 	ar2 = 0x02
                           000001   795 	ar1 = 0x01
                           000000   796 	ar0 = 0x00
      000000 AF 82            [24]  797 	mov	r7, dpl
                                    798 ;	build/../ad9851.c:9: instance.fq_ud_pin = fq_ud_pin;
      000002 90r00r00         [24]  799 	mov	dptr,#_ad9851_create_instance_10000_15
      000005 EF               [12]  800 	mov	a,r7
      000006 F0               [24]  801 	movx	@dptr,a
                                    802 ;	build/../ad9851.c:10: board_a_init_output(fq_ud_pin);
      000007 8F 82            [24]  803 	mov	dpl, r7
      000009 C0 07            [24]  804 	push	ar7
      00000B 12r00r00         [24]  805 	lcall	_board_a_init_output
      00000E D0 07            [24]  806 	pop	ar7
                                    807 ;	build/../ad9851.c:11: board_a_write(fq_ud_pin, PIN_LOW);
      000010 75*00 00         [24]  808 	mov	_board_a_write_PARM_2,#0x00
      000013 8F 82            [24]  809 	mov	dpl, r7
      000015 12r00r00         [24]  810 	lcall	_board_a_write
                                    811 ;	build/../ad9851.c:12: return &instance;
      000018 90r00r00         [24]  812 	mov	dptr,#_ad9851_create_instance_10000_15
      00001B 75 F0 00         [24]  813 	mov	b, #0x00
                                    814 ;	build/../ad9851.c:13: }
      00001E 22               [24]  815 	ret
                                    816 ;------------------------------------------------------------
                                    817 ;Allocation info for local variables in function 'ad9851_destroy'
                                    818 ;------------------------------------------------------------
                                    819 ;handle        Allocated to registers 
                                    820 ;------------------------------------------------------------
                                    821 ;	build/../ad9851.c:15: void ad9851_destroy(ad9851_handle_t handle) {
                                    822 ;	-----------------------------------------
                                    823 ;	 function ad9851_destroy
                                    824 ;	-----------------------------------------
      00001F                        825 _ad9851_destroy:
                                    826 ;	build/../ad9851.c:16: (void)handle;
                                    827 ;	build/../ad9851.c:17: }
      00001F 22               [24]  828 	ret
                                    829 ;------------------------------------------------------------
                                    830 ;Allocation info for local variables in function 'ad9851_set_frequency'
                                    831 ;------------------------------------------------------------
                                    832 ;freq_hz_word  Allocated with name '_ad9851_set_frequency_PARM_2'
                                    833 ;control       Allocated with name '_ad9851_set_frequency_PARM_3'
                                    834 ;handle        Allocated to registers r5 r6 r7 
                                    835 ;i             Allocated to registers r4 
                                    836 ;------------------------------------------------------------
                                    837 ;	build/../ad9851.c:19: ad9851_err_t ad9851_set_frequency(ad9851_handle_t handle, uint32_t freq_hz_word, uint8_t control) {
                                    838 ;	-----------------------------------------
                                    839 ;	 function ad9851_set_frequency
                                    840 ;	-----------------------------------------
      000020                        841 _ad9851_set_frequency:
      000020 AD 82            [24]  842 	mov	r5, dpl
      000022 AE 83            [24]  843 	mov	r6, dph
      000024 AF F0            [24]  844 	mov	r7, b
                                    845 ;	build/../ad9851.c:22: if (handle == NULL) return AD9851_ERR_NULL_HANDLE;
      000026 ED               [12]  846 	mov	a,r5
      000027 4E               [12]  847 	orl	a,r6
      000028 70 04            [24]  848 	jnz	00102$
      00002A 75 82 01         [24]  849 	mov	dpl, #0x01
      00002D 22               [24]  850 	ret
      00002E                        851 00102$:
                                    852 ;	build/../ad9851.c:24: board_delay_cycles(3);
      00002E 75 82 03         [24]  853 	mov	dpl, #0x03
      000031 C0 07            [24]  854 	push	ar7
      000033 C0 06            [24]  855 	push	ar6
      000035 C0 05            [24]  856 	push	ar5
      000037 12r00r00         [24]  857 	lcall	_board_delay_cycles
      00003A D0 05            [24]  858 	pop	ar5
      00003C D0 06            [24]  859 	pop	ar6
      00003E D0 07            [24]  860 	pop	ar7
                                    861 ;	build/../ad9851.c:27: board_a_write(handle->fq_ud_pin, PIN_HIGH);
      000040 8D 82            [24]  862 	mov	dpl,r5
      000042 8E 83            [24]  863 	mov	dph,r6
      000044 8F F0            [24]  864 	mov	b,r7
      000046 12r00r00         [24]  865 	lcall	__gptrget
      000049 FC               [12]  866 	mov	r4,a
      00004A 75*00 01         [24]  867 	mov	_board_a_write_PARM_2,#0x01
      00004D 8C 82            [24]  868 	mov	dpl, r4
      00004F C0 07            [24]  869 	push	ar7
      000051 C0 06            [24]  870 	push	ar6
      000053 C0 05            [24]  871 	push	ar5
      000055 12r00r00         [24]  872 	lcall	_board_a_write
                                    873 ;	build/../ad9851.c:28: board_delay_cycles(3);
      000058 75 82 03         [24]  874 	mov	dpl, #0x03
      00005B 12r00r00         [24]  875 	lcall	_board_delay_cycles
      00005E D0 05            [24]  876 	pop	ar5
      000060 D0 06            [24]  877 	pop	ar6
      000062 D0 07            [24]  878 	pop	ar7
                                    879 ;	build/../ad9851.c:29: board_a_write(handle->fq_ud_pin, PIN_LOW);
      000064 8D 82            [24]  880 	mov	dpl,r5
      000066 8E 83            [24]  881 	mov	dph,r6
      000068 8F F0            [24]  882 	mov	b,r7
      00006A 12r00r00         [24]  883 	lcall	__gptrget
      00006D FC               [12]  884 	mov	r4,a
      00006E 75*00 00         [24]  885 	mov	_board_a_write_PARM_2,#0x00
      000071 8C 82            [24]  886 	mov	dpl, r4
      000073 C0 07            [24]  887 	push	ar7
      000075 C0 06            [24]  888 	push	ar6
      000077 C0 05            [24]  889 	push	ar5
      000079 12r00r00         [24]  890 	lcall	_board_a_write
                                    891 ;	build/../ad9851.c:30: board_delay_cycles(3);
      00007C 75 82 03         [24]  892 	mov	dpl, #0x03
      00007F 12r00r00         [24]  893 	lcall	_board_delay_cycles
      000082 D0 05            [24]  894 	pop	ar5
      000084 D0 06            [24]  895 	pop	ar6
      000086 D0 07            [24]  896 	pop	ar7
                                    897 ;	build/../ad9851.c:33: for (i = 0; i < 32; i++) {
      000088 7C 00            [12]  898 	mov	r4,#0x00
      00008A                        899 00105$:
                                    900 ;	build/../ad9851.c:34: board_spi_write_bit((pin_state_t)((freq_hz_word >> i) & 1U));
      00008A 8C F0            [24]  901 	mov	b,r4
      00008C 05 F0            [12]  902 	inc	b
      00008E A8*00            [24]  903 	mov	r0,_ad9851_set_frequency_PARM_2
      000090 A9*01            [24]  904 	mov	r1,(_ad9851_set_frequency_PARM_2 + 1)
      000092 AA*02            [24]  905 	mov	r2,(_ad9851_set_frequency_PARM_2 + 2)
      000094 AB*03            [24]  906 	mov	r3,(_ad9851_set_frequency_PARM_2 + 3)
      000096 80 0D            [24]  907 	sjmp	00145$
      000098                        908 00144$:
      000098 C3               [12]  909 	clr	c
      000099 EB               [12]  910 	mov	a,r3
      00009A 13               [12]  911 	rrc	a
      00009B FB               [12]  912 	mov	r3,a
      00009C EA               [12]  913 	mov	a,r2
      00009D 13               [12]  914 	rrc	a
      00009E FA               [12]  915 	mov	r2,a
      00009F E9               [12]  916 	mov	a,r1
      0000A0 13               [12]  917 	rrc	a
      0000A1 F9               [12]  918 	mov	r1,a
      0000A2 E8               [12]  919 	mov	a,r0
      0000A3 13               [12]  920 	rrc	a
      0000A4 F8               [12]  921 	mov	r0,a
      0000A5                        922 00145$:
      0000A5 D5 F0 F0         [24]  923 	djnz	b,00144$
      0000A8 E8               [12]  924 	mov	a,r0
      0000A9 54 01            [12]  925 	anl	a,#0x01
      0000AB F5 82            [12]  926 	mov	dpl,a
      0000AD C0 07            [24]  927 	push	ar7
      0000AF C0 06            [24]  928 	push	ar6
      0000B1 C0 05            [24]  929 	push	ar5
      0000B3 C0 04            [24]  930 	push	ar4
      0000B5 12r00r00         [24]  931 	lcall	_board_spi_write_bit
      0000B8 D0 04            [24]  932 	pop	ar4
      0000BA D0 05            [24]  933 	pop	ar5
      0000BC D0 06            [24]  934 	pop	ar6
      0000BE D0 07            [24]  935 	pop	ar7
                                    936 ;	build/../ad9851.c:33: for (i = 0; i < 32; i++) {
      0000C0 0C               [12]  937 	inc	r4
      0000C1 C3               [12]  938 	clr	c
      0000C2 EC               [12]  939 	mov	a,r4
      0000C3 64 80            [12]  940 	xrl	a,#0x80
      0000C5 94 A0            [12]  941 	subb	a,#0xa0
      0000C7 40 C1            [24]  942 	jc	00105$
                                    943 ;	build/../ad9851.c:38: for (i = 0; i < 8; i++) {
      0000C9 7C 00            [12]  944 	mov	r4,#0x00
      0000CB                        945 00107$:
                                    946 ;	build/../ad9851.c:39: board_spi_write_bit((pin_state_t)((control >> i) & 1U));
      0000CB 8C F0            [24]  947 	mov	b,r4
      0000CD 05 F0            [12]  948 	inc	b
      0000CF E5*04            [12]  949 	mov	a,_ad9851_set_frequency_PARM_3
      0000D1 80 02            [24]  950 	sjmp	00148$
      0000D3                        951 00147$:
      0000D3 C3               [12]  952 	clr	c
      0000D4 13               [12]  953 	rrc	a
      0000D5                        954 00148$:
      0000D5 D5 F0 FB         [24]  955 	djnz	b,00147$
      0000D8 54 01            [12]  956 	anl	a,#0x01
      0000DA F5 82            [12]  957 	mov	dpl,a
      0000DC C0 07            [24]  958 	push	ar7
      0000DE C0 06            [24]  959 	push	ar6
      0000E0 C0 05            [24]  960 	push	ar5
      0000E2 C0 04            [24]  961 	push	ar4
      0000E4 12r00r00         [24]  962 	lcall	_board_spi_write_bit
      0000E7 D0 04            [24]  963 	pop	ar4
      0000E9 D0 05            [24]  964 	pop	ar5
      0000EB D0 06            [24]  965 	pop	ar6
      0000ED D0 07            [24]  966 	pop	ar7
                                    967 ;	build/../ad9851.c:38: for (i = 0; i < 8; i++) {
      0000EF 0C               [12]  968 	inc	r4
      0000F0 C3               [12]  969 	clr	c
      0000F1 EC               [12]  970 	mov	a,r4
      0000F2 64 80            [12]  971 	xrl	a,#0x80
      0000F4 94 88            [12]  972 	subb	a,#0x88
      0000F6 40 D3            [24]  973 	jc	00107$
                                    974 ;	build/../ad9851.c:43: board_delay_cycles(3);
      0000F8 75 82 03         [24]  975 	mov	dpl, #0x03
      0000FB C0 07            [24]  976 	push	ar7
      0000FD C0 06            [24]  977 	push	ar6
      0000FF C0 05            [24]  978 	push	ar5
      000101 12r00r00         [24]  979 	lcall	_board_delay_cycles
      000104 D0 05            [24]  980 	pop	ar5
      000106 D0 06            [24]  981 	pop	ar6
      000108 D0 07            [24]  982 	pop	ar7
                                    983 ;	build/../ad9851.c:44: board_a_write(handle->fq_ud_pin, PIN_HIGH);
      00010A 8D 82            [24]  984 	mov	dpl,r5
      00010C 8E 83            [24]  985 	mov	dph,r6
      00010E 8F F0            [24]  986 	mov	b,r7
      000110 12r00r00         [24]  987 	lcall	__gptrget
      000113 FC               [12]  988 	mov	r4,a
      000114 75*00 01         [24]  989 	mov	_board_a_write_PARM_2,#0x01
      000117 8C 82            [24]  990 	mov	dpl, r4
      000119 C0 07            [24]  991 	push	ar7
      00011B C0 06            [24]  992 	push	ar6
      00011D C0 05            [24]  993 	push	ar5
      00011F 12r00r00         [24]  994 	lcall	_board_a_write
                                    995 ;	build/../ad9851.c:45: board_delay_cycles(3);
      000122 75 82 03         [24]  996 	mov	dpl, #0x03
      000125 12r00r00         [24]  997 	lcall	_board_delay_cycles
      000128 D0 05            [24]  998 	pop	ar5
      00012A D0 06            [24]  999 	pop	ar6
      00012C D0 07            [24] 1000 	pop	ar7
                                   1001 ;	build/../ad9851.c:46: board_a_write(handle->fq_ud_pin, PIN_LOW);
      00012E 8D 82            [24] 1002 	mov	dpl,r5
      000130 8E 83            [24] 1003 	mov	dph,r6
      000132 8F F0            [24] 1004 	mov	b,r7
      000134 12r00r00         [24] 1005 	lcall	__gptrget
      000137 FD               [12] 1006 	mov	r5,a
      000138 75*00 00         [24] 1007 	mov	_board_a_write_PARM_2,#0x00
      00013B 8D 82            [24] 1008 	mov	dpl, r5
      00013D 12r00r00         [24] 1009 	lcall	_board_a_write
                                   1010 ;	build/../ad9851.c:48: return AD9851_OK;
      000140 75 82 00         [24] 1011 	mov	dpl, #0x00
                                   1012 ;	build/../ad9851.c:49: }
      000143 22               [24] 1013 	ret
                                   1014 	.area CSEG    (CODE)
                                   1015 	.area CONST   (CODE)
                                   1016 	.area XINIT   (CODE)
                                   1017 	.area CABS    (ABS,CODE)
